<?xml version="1.0" encoding="UTF-8"?>
<!-- Generated by org.testng.reporters.JUnitReportReporter -->
<testsuite hostname="test" failures="1" tests="3" name="TestRunner.TestRun" time="26.333" errors="0" timestamp="2023-03-27T06:11:41 UTC" skipped="0">
  <testcase classname="TestRunner.TestRun" name="runScenario" time="5.314">
    <failure message="expected [true] but found [false]" type="java.lang.AssertionError">
      <![CDATA[java.lang.AssertionError: expected [true] but found [false]
at org.testng.Assert.fail(Assert.java:110)
at org.testng.Assert.failNotEquals(Assert.java:1577)
at org.testng.Assert.assertTrue(Assert.java:56)
at org.testng.Assert.assertTrue(Assert.java:66)
at StepDefinations.Steps.page_title_should_be(Steps.java:55)
at âœ½.Page title should be "Dashboard / nopCommerce administration"(file:///C:/Users/sarath/eclipse-workspace/Cucumber/./Features/Login.feature:17)
]]>
    </failure>
  </testcase> <!-- runScenario -->
  <system-out/>
  <testcase classname="TestRunner.TestRun" name="runScenario" time="8.310"/>
  <system-out/>
  <testcase classname="TestRunner.TestRun" name="runScenario" time="12.709"/>
  <system-out/>
</testsuite> <!-- TestRunner.TestRun -->
